<?xml version="1.0" encoding="UTF-8"?>
<!-- Generated by org.testng.reporters.JUnitXMLReporter -->
<testsuite hostname="DESKTOP-QML0G6P" ignored="0" name="Test" tests="10" failures="0" timestamp="2021-11-13T16:10:19 IST" time="268.1" errors="0">
  <testcase name="NewContactPage" time="25.959" classname="com.argocrm.Product.ClickNewContact"/>
  <testcase name="Products" time="0.002" classname="com.argocrm.tests.CreateProducts"/>
  <testcase name="Homepage" time="6.949" classname="com.argocrm.Product.VerifyHomePageTest"/>
  <testcase name="Potential" time="12.851" classname="com.argocrm.Product.ClickPotentials"/>
  <testcase name="Leads" time="18.511" classname="com.argocrm.Product.ClickLeads"/>
  <testcase name="ProductPage" time="24.426" classname="com.argocrm.Product.ClickProductsPage"/>
  <testcase name="CampainPage" time="28.249" classname="com.argocrm.Product.NewCampainPage"/>
  <testcase name="ContactsPage" time="4.71" classname="com.argocrm.Product.ClickContacts"/>
  <testcase name="Purchase" time="84.974" classname="com.argocrm.Product.ClickPurchaseOrder"/>
  <testcase name="SignInPage" time="3.064" classname="com.argocrm.Product.CreateProductsTest"/>
</testsuite> <!-- Test -->
